[1/14] cl /c /Zp8 /GR /W3 /EHs /nologo /MD /D_CRT_SECURE_NO_DEPRECATE /D_SCL_SECURE_NO_DEPRECATE /D_SECURE_SCL=0   /DMATLAB_MEX_FILE  /DMATLAB_MEX_FILE /O2 /Oy- /DNDEBUG /fp:strict /utf-8 /I "." /I "F:\Archive еҪ’жЎЈ\0611\myproblem\еҠЁеҠӣеӯҰд»ҝзңҹ" /I ".\interface" /I "F:\MATLAB\R2025b\extern\include" /I "." -DMODEL=calc_MCG_0612_mex /openmp /wd4101  rt_nonfinite.c /Fobuild\win64\rt_nonfinite.obj
rt_nonfinite.c
[2/14] cl /c /Zp8 /GR /W3 /EHs /nologo /MD /D_CRT_SECURE_NO_DEPRECATE /D_SCL_SECURE_NO_DEPRECATE /D_SECURE_SCL=0   /DMATLAB_MEX_FILE  /DMATLAB_MEX_FILE /O2 /Oy- /DNDEBUG /fp:strict /utf-8 /I "." /I "F:\Archive еҪ’жЎЈ\0611\myproblem\еҠЁеҠӣеӯҰд»ҝзңҹ" /I ".\interface" /I "F:\MATLAB\R2025b\extern\include" /I "." -DMODEL=calc_MCG_0612_mex /openmp /wd4101  calc_MCG_0612_core_data.c /Fobuild\win64\calc_MCG_0612_core_data.obj
calc_MCG_0612_core_data.c
[3/14] cl /c /Zp8 /GR /W3 /EHs /nologo /MD /D_CRT_SECURE_NO_DEPRECATE /D_SCL_SECURE_NO_DEPRECATE /D_SECURE_SCL=0   /DMATLAB_MEX_FILE  /DMATLAB_MEX_FILE /O2 /Oy- /DNDEBUG /fp:strict /utf-8 /I "." /I "F:\Archive еҪ’жЎЈ\0611\myproblem\еҠЁеҠӣеӯҰд»ҝзңҹ" /I ".\interface" /I "F:\MATLAB\R2025b\extern\include" /I "." -DMODEL=calc_MCG_0612_mex /openmp /wd4101  interface\_coder_calc_MCG_0612_core_mex.c /Fobuild\win64\_coder_calc_MCG_0612_core_mex.obj
_coder_calc_MCG_0612_core_mex.c
[4/14] cl /c /Zp8 /GR /W3 /EHs /nologo /MD /D_CRT_SECURE_NO_DEPRECATE /D_SCL_SECURE_NO_DEPRECATE /D_SECURE_SCL=0   /DMATLAB_MEX_FILE  /DMATLAB_MEX_FILE /O2 /Oy- /DNDEBUG /fp:strict /utf-8 /I "." /I "F:\Archive еҪ’жЎЈ\0611\myproblem\еҠЁеҠӣеӯҰд»ҝзңҹ" /I ".\interface" /I "F:\MATLAB\R2025b\extern\include" /I "." -DMODEL=calc_MCG_0612_mex /openmp /wd4101  calc_MCG_0612_core_initialize.c /Fobuild\win64\calc_MCG_0612_core_initialize.obj
calc_MCG_0612_core_initialize.c
[5/14] cl /c /Zp8 /GR /W3 /EHs /nologo /MD /D_CRT_SECURE_NO_DEPRECATE /D_SCL_SECURE_NO_DEPRECATE /D_SECURE_SCL=0   /DMATLAB_MEX_FILE  /DMATLAB_MEX_FILE /O2 /Oy- /DNDEBUG /fp:strict /utf-8 /I "." /I "F:\Archive еҪ’жЎЈ\0611\myproblem\еҠЁеҠӣеӯҰд»ҝзңҹ" /I ".\interface" /I "F:\MATLAB\R2025b\extern\include" /I "." -DMODEL=calc_MCG_0612_mex /openmp /wd4101  eml_int_forloop_overflow_check.c /Fobuild\win64\eml_int_forloop_overflow_check.obj
eml_int_forloop_overflow_check.c
[6/14] cl /c /Zp8 /GR /W3 /EHs /nologo /MD /D_CRT_SECURE_NO_DEPRECATE /D_SCL_SECURE_NO_DEPRECATE /D_SECURE_SCL=0   /DMATLAB_MEX_FILE  /DMATLAB_MEX_FILE /O2 /Oy- /DNDEBUG /fp:strict /utf-8 /I "." /I "F:\Archive еҪ’жЎЈ\0611\myproblem\еҠЁеҠӣеӯҰд»ҝзңҹ" /I ".\interface" /I "F:\MATLAB\R2025b\extern\include" /I "." -DMODEL=calc_MCG_0612_mex /openmp /wd4101  F:\MATLAB\R2025b\extern\version\c_mexapi_version.c /Fobuild\win64\c_mexapi_version.obj
c_mexapi_version.c
[7/14] cl /c /Zp8 /GR /W3 /EHs /nologo /MD /D_CRT_SECURE_NO_DEPRECATE /D_SCL_SECURE_NO_DEPRECATE /D_SECURE_SCL=0   /DMATLAB_MEX_FILE  /DMATLAB_MEX_FILE /O2 /Oy- /DNDEBUG /fp:strict /utf-8 /I "." /I "F:\Archive еҪ’жЎЈ\0611\myproblem\еҠЁеҠӣеӯҰд»ҝзңҹ" /I ".\interface" /I "F:\MATLAB\R2025b\extern\include" /I "." -DMODEL=calc_MCG_0612_mex /openmp /wd4101  calc_MCG_0612_core_terminate.c /Fobuild\win64\calc_MCG_0612_core_terminate.obj
calc_MCG_0612_core_terminate.c
[8/14] cl /c /Zp8 /GR /W3 /EHs /nologo /MD /D_CRT_SECURE_NO_DEPRECATE /D_SCL_SECURE_NO_DEPRECATE /D_SECURE_SCL=0   /DMATLAB_MEX_FILE  /DMATLAB_MEX_FILE /O2 /Oy- /DNDEBUG /fp:strict /utf-8 /I "." /I "F:\Archive еҪ’жЎЈ\0611\myproblem\еҠЁеҠӣеӯҰд»ҝзңҹ" /I ".\interface" /I "F:\MATLAB\R2025b\extern\include" /I "." -DMODEL=calc_MCG_0612_mex /openmp /wd4101  calc_MCG_0612_core_emxutil.c /Fobuild\win64\calc_MCG_0612_core_emxutil.obj
calc_MCG_0612_core_emxutil.c
[9/14] cl /c /Zp8 /GR /W3 /EHs /nologo /MD /D_CRT_SECURE_NO_DEPRECATE /D_SCL_SECURE_NO_DEPRECATE /D_SECURE_SCL=0   /DMATLAB_MEX_FILE  /DMATLAB_MEX_FILE /O2 /Oy- /DNDEBUG /fp:strict /utf-8 /I "." /I "F:\Archive еҪ’жЎЈ\0611\myproblem\еҠЁеҠӣеӯҰд»ҝзңҹ" /I ".\interface" /I "F:\MATLAB\R2025b\extern\include" /I "." -DMODEL=calc_MCG_0612_mex /openmp /wd4101  interface\_coder_calc_MCG_0612_core_info.c /Fobuild\win64\_coder_calc_MCG_0612_core_info.obj
_coder_calc_MCG_0612_core_info.c
[10/14] cl /c /Zp8 /GR /W3 /EHs /nologo /MD /D_CRT_SECURE_NO_DEPRECATE /D_SCL_SECURE_NO_DEPRECATE /D_SECURE_SCL=0   /DMATLAB_MEX_FILE  /DMATLAB_MEX_FILE /O2 /Oy- /DNDEBUG /fp:strict /utf-8 /I "." /I "F:\Archive еҪ’жЎЈ\0611\myproblem\еҠЁеҠӣеӯҰд»ҝзңҹ" /I ".\interface" /I "F:\MATLAB\R2025b\extern\include" /I "." -DMODEL=calc_MCG_0612_mex /openmp /wd4101  interface\_coder_calc_MCG_0612_core_api.c /Fobuild\win64\_coder_calc_MCG_0612_core_api.obj
_coder_calc_MCG_0612_core_api.c
[11/14] cl /c /Zp8 /GR /W3 /EHs /nologo /MD /D_CRT_SECURE_NO_DEPRECATE /D_SCL_SECURE_NO_DEPRECATE /D_SECURE_SCL=0   /DMATLAB_MEX_FILE  /DMATLAB_MEX_FILE /O2 /Oy- /DNDEBUG /fp:strict /utf-8 /I "." /I "F:\Archive еҪ’жЎЈ\0611\myproblem\еҠЁеҠӣеӯҰд»ҝзңҹ" /I ".\interface" /I "F:\MATLAB\R2025b\extern\include" /I "." -DMODEL=calc_MCG_0612_mex /openmp /wd4101  calc_pos_0318.c /Fobuild\win64\calc_pos_0318.obj
calc_pos_0318.c
[12/14] cl /c /Zp8 /GR /W3 /EHs /nologo /MD /D_CRT_SECURE_NO_DEPRECATE /D_SCL_SECURE_NO_DEPRECATE /D_SECURE_SCL=0   /DMATLAB_MEX_FILE  /DMATLAB_MEX_FILE /O2 /Oy- /DNDEBUG /fp:strict /utf-8 /I "." /I "F:\Archive еҪ’жЎЈ\0611\myproblem\еҠЁеҠӣеӯҰд»ҝзңҹ" /I ".\interface" /I "F:\MATLAB\R2025b\extern\include" /I "." -DMODEL=calc_MCG_0612_mex /openmp /wd4101  calc_aa_0318.c /Fobuild\win64\calc_aa_0318.obj
calc_aa_0318.c
[13/14] cl /c /Zp8 /GR /W3 /EHs /nologo /MD /D_CRT_SECURE_NO_DEPRECATE /D_SCL_SECURE_NO_DEPRECATE /D_SECURE_SCL=0   /DMATLAB_MEX_FILE  /DMATLAB_MEX_FILE /O2 /Oy- /DNDEBUG /fp:strict /utf-8 /I "." /I "F:\Archive еҪ’жЎЈ\0611\myproblem\еҠЁеҠӣеӯҰд»ҝзңҹ" /I ".\interface" /I "F:\MATLAB\R2025b\extern\include" /I "." -DMODEL=calc_MCG_0612_mex /openmp /wd4101  calc_MCG_0612_core.c /Fobuild\win64\calc_MCG_0612_core.obj
calc_MCG_0612_core.c
[14/14] link @calc_MCG_0612_mex.mexw64.rsp  /nologo /manifest   /DLL /LIBPATH:"F:\MATLAB\R2025b\extern\lib\win64\microsoft" libmx.lib libmex.lib libmat.lib kernel32.lib user32.lib gdi32.lib winspool.lib comdlg32.lib advapi32.lib shell32.lib ole32.lib oleaut32.lib uuid.lib odbc32.lib odbccp32.lib  /out:"calc_MCG_0612_mex.mexw64" /LIBPATH:"F:\MATLAB\R2025b\extern\lib\win64\microsoft" libmwblas.lib libemlrt.lib libcovrt.lib libut.lib libmwmathutil.lib libiomp5md.lib /nodefaultlib:vcomp /LIBPATH:"F:\MATLAB\R2025b\bin\win64" /export:mexFunction /export:mexfilerequiredapiversion /export:emlrtMexFcnProperties /export:calc_MCG_0612_core /export:calc_MCG_0612_core_initialize /export:calc_MCG_0612_core_terminate /export:calc_MCG_0612_core_atexit /export:emxEnsureCapacity_int8_T /export:emxEnsureCapacity_boolean_T /export:emxFree_int8_T /export:emxFree_boolean_T /export:emxInit_int8_T /export:emxInit_boolean_T /export:emxEnsureCapacity_real_T /export:emxFree_real_T /export:emxInit_real_T
  ХэФЪҙҙҪЁҝв calc_MCG_0612_mex.lib әН¶ФПу calc_MCG_0612_mex.exp
